<?xml version="1.0" encoding="UTF-8"?>
<robot generator="Robot 3.1.2 (Python 3.7.6 on win32)" generated="20200318 21:21:54.457" rpa="false">
<suite id="s1" name="TC Robot" source="C:\Users\admin\PycharmProjects\HTTPRequest\VideoGameAPI\TC_Robot.robot">
<test id="s1-t1" name="TC1:Return all videos games(GET)">
<kw name="Create Session" library="RequestsLibrary">
<doc>Create Session: create a HTTP session to a server</doc>
<arguments>
<arg>mysession</arg>
<arg>${base_url}</arg>
</arguments>
<msg timestamp="20200318 21:21:54.570" level="INFO">Creating Session using : alias=mysession, url=http://localhost:8080, headers={},                     cookies={}, auth=None, timeout=None, proxies=None, verify=False,                     debug=0 </msg>
<status status="PASS" starttime="20200318 21:21:54.570" endtime="20200318 21:21:54.570"></status>
</kw>
<kw name="Create Dictionary" library="BuiltIn">
<doc>Creates and returns a dictionary based on the given ``items``.</doc>
<arguments>
<arg>Accept=application/json</arg>
</arguments>
<assign>
<var>${header}</var>
</assign>
<msg timestamp="20200318 21:21:54.571" level="INFO">${header} = {'Accept': 'application/json'}</msg>
<status status="PASS" starttime="20200318 21:21:54.571" endtime="20200318 21:21:54.571"></status>
</kw>
<kw name="Get Request" library="RequestsLibrary">
<doc>Send a GET request on the session object found using the
given `alias`</doc>
<arguments>
<arg>mysession</arg>
<arg>/app/videogames</arg>
<arg>headers=${header}</arg>
</arguments>
<assign>
<var>${response}</var>
</assign>
<msg timestamp="20200318 21:21:54.572" level="INFO">GET Request using : uri=/app/videogames, params=None, allow_redirects=True, timeout=None
headers={'User-Agent': 'python-requests/2.23.0', 'Accept-Encoding': 'gzip, deflate', 'Accept': 'application/json', 'Connection': 'keep-alive'} 
data=None 
json=None</msg>
<msg timestamp="20200318 21:21:54.580" level="INFO">${response} = &lt;Response [200]&gt;</msg>
<status status="PASS" starttime="20200318 21:21:54.571" endtime="20200318 21:21:54.580"></status>
</kw>
<kw name="Log To Console" library="BuiltIn">
<doc>Logs the given message to the console.</doc>
<arguments>
<arg>${response.status_code}</arg>
</arguments>
<status status="PASS" starttime="20200318 21:21:54.581" endtime="20200318 21:21:54.581"></status>
</kw>
<kw name="Log To Console" library="BuiltIn">
<doc>Logs the given message to the console.</doc>
<arguments>
<arg>${response.content}</arg>
</arguments>
<status status="PASS" starttime="20200318 21:21:54.581" endtime="20200318 21:21:54.582"></status>
</kw>
<kw name="Convert To String" library="BuiltIn">
<doc>Converts the given item to a Unicode string.</doc>
<arguments>
<arg>${response.status_code}</arg>
</arguments>
<assign>
<var>${status_code}</var>
</assign>
<msg timestamp="20200318 21:21:54.584" level="INFO">${status_code} = 200</msg>
<status status="PASS" starttime="20200318 21:21:54.582" endtime="20200318 21:21:54.584"></status>
</kw>
<kw name="Convert To String" library="BuiltIn">
<doc>Converts the given item to a Unicode string.</doc>
<arguments>
<arg>${response.content}</arg>
</arguments>
<assign>
<var>${content}</var>
</assign>
<msg timestamp="20200318 21:21:54.584" level="INFO">${content} = [{"id":0,"name":"string","releaseDate":"2020-03-18","reviewScore":0,"category":"string","rating":"string"},{"id":1,"name":"kaka","releaseDate":"2020-03-18","reviewScore":0,"category":"string","rating"...</msg>
<status status="PASS" starttime="20200318 21:21:54.584" endtime="20200318 21:21:54.584"></status>
</kw>
<kw name="Should Be Equal" library="BuiltIn">
<doc>Fails if the given objects are unequal.</doc>
<arguments>
<arg>${status_code}</arg>
<arg>200</arg>
</arguments>
<status status="PASS" starttime="20200318 21:21:54.584" endtime="20200318 21:21:54.584"></status>
</kw>
<status status="PASS" starttime="20200318 21:21:54.569" endtime="20200318 21:21:54.584" critical="yes"></status>
</test>
<test id="s1-t2" name="TC2:Add a new video game (POST)">
<kw name="Create Session" library="RequestsLibrary">
<doc>Create Session: create a HTTP session to a server</doc>
<arguments>
<arg>mysession</arg>
<arg>${base_url}</arg>
</arguments>
<msg timestamp="20200318 21:21:54.585" level="INFO">Creating Session using : alias=mysession, url=http://localhost:8080, headers={},                     cookies={}, auth=None, timeout=None, proxies=None, verify=False,                     debug=0 </msg>
<status status="PASS" starttime="20200318 21:21:54.585" endtime="20200318 21:21:54.585"></status>
</kw>
<kw name="Create Dictionary" library="BuiltIn">
<doc>Creates and returns a dictionary based on the given ``items``.</doc>
<arguments>
<arg>id=16</arg>
<arg>name=string</arg>
<arg>releaseDate=2020-03-18T09:51:10.626Z</arg>
<arg>reviewScore=0</arg>
<arg>category=string</arg>
<arg>rating=string</arg>
</arguments>
<assign>
<var>${body}</var>
</assign>
<msg timestamp="20200318 21:21:54.586" level="INFO">${body} = {'id': '16', 'name': 'string', 'releaseDate': '2020-03-18T09:51:10.626Z', 'reviewScore': '0', 'category': 'string', 'rating': 'string'}</msg>
<status status="PASS" starttime="20200318 21:21:54.586" endtime="20200318 21:21:54.586"></status>
</kw>
<kw name="Create Dictionary" library="BuiltIn">
<doc>Creates and returns a dictionary based on the given ``items``.</doc>
<arguments>
<arg>Content-Type=application/json</arg>
</arguments>
<assign>
<var>${header}</var>
</assign>
<msg timestamp="20200318 21:21:54.587" level="INFO">${header} = {'Content-Type': 'application/json'}</msg>
<status status="PASS" starttime="20200318 21:21:54.586" endtime="20200318 21:21:54.587"></status>
</kw>
<kw name="Post Request" library="RequestsLibrary">
<doc>Send a POST request on the session object found using the
given `alias`</doc>
<arguments>
<arg>mysession</arg>
<arg>/app/videogames</arg>
<arg>data=${body}</arg>
<arg>headers=${header}</arg>
</arguments>
<assign>
<var>${response}</var>
</assign>
<msg timestamp="20200318 21:21:54.587" level="INFO">POST Request using : uri=/app/videogames, params=None, files=None, allow_redirects=True, timeout=None
headers={'User-Agent': 'python-requests/2.23.0', 'Accept-Encoding': 'gzip, deflate', 'Accept': '*/*', 'Connection': 'keep-alive', 'Content-Type': 'application/json'} 
data={"id": "16", "name": "string", "releaseDate": "2020-03-18T09:51:10.626Z", "reviewScore": "0", "category": "string", "rating": "string"} 
json=None</msg>
<msg timestamp="20200318 21:21:54.595" level="INFO">${response} = &lt;Response [500]&gt;</msg>
<status status="PASS" starttime="20200318 21:21:54.587" endtime="20200318 21:21:54.595"></status>
</kw>
<kw name="Log To Console" library="BuiltIn">
<doc>Logs the given message to the console.</doc>
<arguments>
<arg>${response.status_code}</arg>
</arguments>
<status status="PASS" starttime="20200318 21:21:54.595" endtime="20200318 21:21:54.596"></status>
</kw>
<kw name="Log To Console" library="BuiltIn">
<doc>Logs the given message to the console.</doc>
<arguments>
<arg>${response.content}</arg>
</arguments>
<status status="PASS" starttime="20200318 21:21:54.596" endtime="20200318 21:21:54.597"></status>
</kw>
<kw name="Convert To String" library="BuiltIn">
<doc>Converts the given item to a Unicode string.</doc>
<arguments>
<arg>${response.status_code}</arg>
</arguments>
<assign>
<var>${status_code}</var>
</assign>
<msg timestamp="20200318 21:21:54.597" level="INFO">${status_code} = 500</msg>
<status status="PASS" starttime="20200318 21:21:54.597" endtime="20200318 21:21:54.597"></status>
</kw>
<kw name="Should Be Equal" library="BuiltIn">
<doc>Fails if the given objects are unequal.</doc>
<arguments>
<arg>${status_code}</arg>
<arg>200</arg>
</arguments>
<msg timestamp="20200318 21:21:54.598" level="FAIL">500 != 200</msg>
<status status="FAIL" starttime="20200318 21:21:54.598" endtime="20200318 21:21:54.598"></status>
</kw>
<status status="FAIL" starttime="20200318 21:21:54.585" endtime="20200318 21:21:54.598" critical="yes">500 != 200</status>
</test>
<test id="s1-t3" name="TC3: Return the details of a single game by ID(GET)">
<kw name="Create Session" library="RequestsLibrary">
<doc>Create Session: create a HTTP session to a server</doc>
<arguments>
<arg>mysession</arg>
<arg>${base_url}</arg>
</arguments>
<msg timestamp="20200318 21:21:54.600" level="INFO">Creating Session using : alias=mysession, url=http://localhost:8080, headers={},                     cookies={}, auth=None, timeout=None, proxies=None, verify=False,                     debug=0 </msg>
<status status="PASS" starttime="20200318 21:21:54.600" endtime="20200318 21:21:54.600"></status>
</kw>
<kw name="Create Dictionary" library="BuiltIn">
<doc>Creates and returns a dictionary based on the given ``items``.</doc>
<arguments>
<arg>Accept=application/json</arg>
</arguments>
<assign>
<var>${header}</var>
</assign>
<msg timestamp="20200318 21:21:54.601" level="INFO">${header} = {'Accept': 'application/json'}</msg>
<status status="PASS" starttime="20200318 21:21:54.600" endtime="20200318 21:21:54.601"></status>
</kw>
<kw name="Get Request" library="RequestsLibrary">
<doc>Send a GET request on the session object found using the
given `alias`</doc>
<arguments>
<arg>mysession</arg>
<arg>/app/videogames/1</arg>
<arg>headers=${header}</arg>
</arguments>
<assign>
<var>${response}</var>
</assign>
<msg timestamp="20200318 21:21:54.601" level="INFO">GET Request using : uri=/app/videogames/1, params=None, allow_redirects=True, timeout=None
headers={'User-Agent': 'python-requests/2.23.0', 'Accept-Encoding': 'gzip, deflate', 'Accept': 'application/json', 'Connection': 'keep-alive'} 
data=None 
json=None</msg>
<msg timestamp="20200318 21:21:54.606" level="INFO">${response} = &lt;Response [200]&gt;</msg>
<status status="PASS" starttime="20200318 21:21:54.601" endtime="20200318 21:21:54.606"></status>
</kw>
<kw name="Log To Console" library="BuiltIn">
<doc>Logs the given message to the console.</doc>
<arguments>
<arg>${response.status_code}</arg>
</arguments>
<status status="PASS" starttime="20200318 21:21:54.607" endtime="20200318 21:21:54.607"></status>
</kw>
<kw name="Log To Console" library="BuiltIn">
<doc>Logs the given message to the console.</doc>
<arguments>
<arg>${response.content}</arg>
</arguments>
<status status="PASS" starttime="20200318 21:21:54.607" endtime="20200318 21:21:54.608"></status>
</kw>
<kw name="Convert To String" library="BuiltIn">
<doc>Converts the given item to a Unicode string.</doc>
<arguments>
<arg>${response.status_code}</arg>
</arguments>
<assign>
<var>${status_code}</var>
</assign>
<msg timestamp="20200318 21:21:54.608" level="INFO">${status_code} = 200</msg>
<status status="PASS" starttime="20200318 21:21:54.608" endtime="20200318 21:21:54.608"></status>
</kw>
<kw name="Should Be Equal" library="BuiltIn">
<doc>Fails if the given objects are unequal.</doc>
<arguments>
<arg>${status_code}</arg>
<arg>200</arg>
</arguments>
<status status="PASS" starttime="20200318 21:21:54.609" endtime="20200318 21:21:54.609"></status>
</kw>
<kw name="Convert To String" library="BuiltIn">
<doc>Converts the given item to a Unicode string.</doc>
<arguments>
<arg>${response.content}</arg>
</arguments>
<assign>
<var>${res_body}</var>
</assign>
<msg timestamp="20200318 21:21:54.609" level="INFO">${res_body} = {"id":1,"name":"kaka","releaseDate":"2020-03-18","reviewScore":0,"category":"string","rating":"string"}</msg>
<status status="PASS" starttime="20200318 21:21:54.609" endtime="20200318 21:21:54.609"></status>
</kw>
<kw name="Should Contain" library="BuiltIn">
<doc>Fails if ``container`` does not contain ``item`` one or more times.</doc>
<arguments>
<arg>${res_body}</arg>
<arg>kaka</arg>
</arguments>
<status status="PASS" starttime="20200318 21:21:54.611" endtime="20200318 21:21:54.611"></status>
</kw>
<status status="PASS" starttime="20200318 21:21:54.599" endtime="20200318 21:21:54.611" critical="yes"></status>
</test>
<test id="s1-t4" name="TC4:Update an existing video game by specifying new body (PUT)">
<kw name="Create Session" library="RequestsLibrary">
<doc>Create Session: create a HTTP session to a server</doc>
<arguments>
<arg>mysession</arg>
<arg>${base_url}</arg>
</arguments>
<msg timestamp="20200318 21:21:54.612" level="INFO">Creating Session using : alias=mysession, url=http://localhost:8080, headers={},                     cookies={}, auth=None, timeout=None, proxies=None, verify=False,                     debug=0 </msg>
<status status="PASS" starttime="20200318 21:21:54.612" endtime="20200318 21:21:54.612"></status>
</kw>
<kw name="Create Dictionary" library="BuiltIn">
<doc>Creates and returns a dictionary based on the given ``items``.</doc>
<arguments>
<arg>id=2</arg>
<arg>name=LongHo2</arg>
<arg>releaseDate=2020-03-18T09:51:10.626Z</arg>
<arg>reviewScore=0</arg>
<arg>category=longho</arg>
<arg>rating=string</arg>
</arguments>
<assign>
<var>${body}</var>
</assign>
<msg timestamp="20200318 21:21:54.613" level="INFO">${body} = {'id': '2', 'name': 'LongHo2', 'releaseDate': '2020-03-18T09:51:10.626Z', 'reviewScore': '0', 'category': 'longho', 'rating': 'string'}</msg>
<status status="PASS" starttime="20200318 21:21:54.613" endtime="20200318 21:21:54.613"></status>
</kw>
<kw name="Create Dictionary" library="BuiltIn">
<doc>Creates and returns a dictionary based on the given ``items``.</doc>
<arguments>
<arg>Content-Type=application/json</arg>
</arguments>
<assign>
<var>${header}</var>
</assign>
<msg timestamp="20200318 21:21:54.613" level="INFO">${header} = {'Content-Type': 'application/json'}</msg>
<status status="PASS" starttime="20200318 21:21:54.613" endtime="20200318 21:21:54.614"></status>
</kw>
<kw name="Put Request" library="RequestsLibrary">
<doc>Send a PUT request on the session object found using the
given `alias`</doc>
<arguments>
<arg>mysession</arg>
<arg>/app/videogames/2</arg>
<arg>data=${body}</arg>
<arg>headers=${header}</arg>
</arguments>
<assign>
<var>${response}</var>
</assign>
<msg timestamp="20200318 21:21:54.614" level="INFO">PUT Request using : uri=/app/videogames/2, params=None, files=None, allow_redirects=True, timeout=None
headers={'User-Agent': 'python-requests/2.23.0', 'Accept-Encoding': 'gzip, deflate', 'Accept': '*/*', 'Connection': 'keep-alive', 'Content-Type': 'application/json'} 
data={"id": "2", "name": "LongHo2", "releaseDate": "2020-03-18T09:51:10.626Z", "reviewScore": "0", "category": "longho", "rating": "string"} 
json=None</msg>
<msg timestamp="20200318 21:21:54.622" level="INFO">${response} = &lt;Response [500]&gt;</msg>
<status status="PASS" starttime="20200318 21:21:54.614" endtime="20200318 21:21:54.622"></status>
</kw>
<kw name="Log To Console" library="BuiltIn">
<doc>Logs the given message to the console.</doc>
<arguments>
<arg>${response.status_code}</arg>
</arguments>
<status status="PASS" starttime="20200318 21:21:54.623" endtime="20200318 21:21:54.623"></status>
</kw>
<kw name="Log To Console" library="BuiltIn">
<doc>Logs the given message to the console.</doc>
<arguments>
<arg>${response.content}</arg>
</arguments>
<status status="PASS" starttime="20200318 21:21:54.623" endtime="20200318 21:21:54.623"></status>
</kw>
<kw name="Convert To String" library="BuiltIn">
<doc>Converts the given item to a Unicode string.</doc>
<arguments>
<arg>${response.status_code}</arg>
</arguments>
<assign>
<var>${status_code}</var>
</assign>
<msg timestamp="20200318 21:21:54.623" level="INFO">${status_code} = 500</msg>
<status status="PASS" starttime="20200318 21:21:54.623" endtime="20200318 21:21:54.623"></status>
</kw>
<kw name="Should Be Equal" library="BuiltIn">
<doc>Fails if the given objects are unequal.</doc>
<arguments>
<arg>${status_code}</arg>
<arg>500</arg>
</arguments>
<status status="PASS" starttime="20200318 21:21:54.625" endtime="20200318 21:21:54.625"></status>
</kw>
<kw name="Convert To String" library="BuiltIn">
<doc>Converts the given item to a Unicode string.</doc>
<arguments>
<arg>${response.content}</arg>
</arguments>
<assign>
<var>${res_body}</var>
</assign>
<msg timestamp="20200318 21:21:54.625" level="INFO">${res_body} = &lt;Map&gt;&lt;timestamp&gt;1584541314620&lt;/timestamp&gt;&lt;status&gt;500&lt;/status&gt;&lt;error&gt;Internal Server Error&lt;/error&gt;&lt;message&gt;Internal Server Error&lt;/message&gt;&lt;path&gt;/app/videogames/2&lt;/path&gt;&lt;/Map&gt;</msg>
<status status="PASS" starttime="20200318 21:21:54.625" endtime="20200318 21:21:54.625"></status>
</kw>
<kw name="Should Contain" library="BuiltIn">
<doc>Fails if ``container`` does not contain ``item`` one or more times.</doc>
<arguments>
<arg>${res_body}</arg>
<arg>LongHo2</arg>
</arguments>
<msg timestamp="20200318 21:21:54.625" level="FAIL">'&lt;Map&gt;&lt;timestamp&gt;1584541314620&lt;/timestamp&gt;&lt;status&gt;500&lt;/status&gt;&lt;error&gt;Internal Server Error&lt;/error&gt;&lt;message&gt;Internal Server Error&lt;/message&gt;&lt;path&gt;/app/videogames/2&lt;/path&gt;&lt;/Map&gt;' does not contain 'LongHo2'</msg>
<status status="FAIL" starttime="20200318 21:21:54.625" endtime="20200318 21:21:54.626"></status>
</kw>
<status status="FAIL" starttime="20200318 21:21:54.612" endtime="20200318 21:21:54.626" critical="yes">'&lt;Map&gt;&lt;timestamp&gt;1584541314620&lt;/timestamp&gt;&lt;status&gt;500&lt;/status&gt;&lt;error&gt;Internal Server Error&lt;/error&gt;&lt;message&gt;Internal Server Error&lt;/message&gt;&lt;path&gt;/app/videogames/2&lt;/path&gt;&lt;/Map&gt;' does not contain 'LongHo2'</status>
</test>
<test id="s1-t5" name="TC5: Deletes a video game by ID (DELETE)">
<kw name="Create Session" library="RequestsLibrary">
<doc>Create Session: create a HTTP session to a server</doc>
<arguments>
<arg>mysession</arg>
<arg>${base_url}</arg>
</arguments>
<msg timestamp="20200318 21:21:54.627" level="INFO">Creating Session using : alias=mysession, url=http://localhost:8080, headers={},                     cookies={}, auth=None, timeout=None, proxies=None, verify=False,                     debug=0 </msg>
<status status="PASS" starttime="20200318 21:21:54.627" endtime="20200318 21:21:54.627"></status>
</kw>
<kw name="Delete Request" library="RequestsLibrary">
<doc>Send a DELETE request on the session object found using the
given `alias`</doc>
<arguments>
<arg>mysession</arg>
<arg>/app/videogames/15</arg>
</arguments>
<assign>
<var>${response}</var>
</assign>
<msg timestamp="20200318 21:21:54.627" level="INFO">DELETE Request using : uri=/app/videogames/15, params=None, allow_redirects=True, timeout=None
headers={'User-Agent': 'python-requests/2.23.0', 'Accept-Encoding': 'gzip, deflate', 'Accept': '*/*', 'Connection': 'keep-alive'} 
data=None 
json=None</msg>
<msg timestamp="20200318 21:21:54.632" level="INFO">${response} = &lt;Response [200]&gt;</msg>
<status status="PASS" starttime="20200318 21:21:54.627" endtime="20200318 21:21:54.632"></status>
</kw>
<kw name="Convert To String" library="BuiltIn">
<doc>Converts the given item to a Unicode string.</doc>
<arguments>
<arg>${response.status_code}</arg>
</arguments>
<assign>
<var>${status_code}</var>
</assign>
<msg timestamp="20200318 21:21:54.633" level="INFO">${status_code} = 200</msg>
<status status="PASS" starttime="20200318 21:21:54.632" endtime="20200318 21:21:54.633"></status>
</kw>
<kw name="Should Be Equal" library="BuiltIn">
<doc>Fails if the given objects are unequal.</doc>
<arguments>
<arg>${status_code}</arg>
<arg>200</arg>
</arguments>
<status status="PASS" starttime="20200318 21:21:54.633" endtime="20200318 21:21:54.633"></status>
</kw>
<kw name="Convert To String" library="BuiltIn">
<doc>Converts the given item to a Unicode string.</doc>
<arguments>
<arg>${response.content}</arg>
</arguments>
<assign>
<var>${res_body}</var>
</assign>
<msg timestamp="20200318 21:21:54.634" level="INFO">${res_body} = {"status": "Record Deleted Successfully"}</msg>
<status status="PASS" starttime="20200318 21:21:54.634" endtime="20200318 21:21:54.634"></status>
</kw>
<kw name="Should Contain" library="BuiltIn">
<doc>Fails if ``container`` does not contain ``item`` one or more times.</doc>
<arguments>
<arg>Record Deleted Successfully</arg>
</arguments>
<msg timestamp="20200318 21:21:54.634" level="FAIL">Keyword 'BuiltIn.Should Contain' expected 2 to 5 arguments, got 1.</msg>
<status status="FAIL" starttime="20200318 21:21:54.634" endtime="20200318 21:21:54.634"></status>
</kw>
<status status="FAIL" starttime="20200318 21:21:54.626" endtime="20200318 21:21:54.635" critical="yes">Keyword 'BuiltIn.Should Contain' expected 2 to 5 arguments, got 1.</status>
</test>
<status status="FAIL" starttime="20200318 21:21:54.458" endtime="20200318 21:21:54.636"></status>
</suite>
<statistics>
<total>
<stat pass="2" fail="3">Critical Tests</stat>
<stat pass="2" fail="3">All Tests</stat>
</total>
<tag>
</tag>
<suite>
<stat pass="2" fail="3" id="s1" name="TC Robot">TC Robot</stat>
</suite>
</statistics>
<errors>
</errors>
</robot>
